<?xml version="1.0" encoding="UTF-8"?>
<!-- Generated by org.testng.reporters.JUnitReportReporter -->
<testsuite skipped="0" hostname="ATMECSINLT-060" name="com.atmecs.tutorialninja.testscripts.HomePage" tests="1" failures="0" timestamp="20 Nov 2019 05:44:51 GMT" time="25.166" errors="0">
  <testcase name="home" time="25.166" classname="com.atmecs.tutorialninja.testscripts.HomePage"/>
</testsuite> <!-- com.atmecs.tutorialninja.testscripts.HomePage -->
